2016-09-22 16:40:59
序列：0页面：0 店名豪亭（郫县店） 评分5.0 链接:http://i.meituan.com/poi/2365925 分类:西餐 cid:35 状态：true
序列：1页面：0 店名洛美花园（双楠店） 评分5.0 链接:http://i.meituan.com/poi/2426699 分类:西餐 cid:35 状态：true
序列：2页面：0 店名罗曼蒂西餐厅 评分5.0 链接:http://i.meituan.com/poi/5569736 分类:西餐 cid:35 状态：true
序列：3页面：0 店名开心汉堡 评分5.0 链接:http://i.meituan.com/poi/6725336 分类:西餐 cid:35 状态：true
序列：4页面：0 店名左岸咖啡（湖滨路店） 评分5.0 链接:http://i.meituan.com/poi/6905816 分类:西餐 cid:35 状态：true
序列：5页面：0 店名仁和春天酒店·春天庭餐厅（二环路西二段店） 评分5.0 链接:http://i.meituan.com/poi/6997528 分类:西餐 cid:35 状态：true
序列：6页面：0 店名D&H餐吧 评分5.0 链接:http://i.meituan.com/poi/40217662 分类:西餐 cid:35 状态：true
序列：7页面：0 店名美丽小馆私房咖啡屋 评分5.0 链接:http://i.meituan.com/poi/40868373 分类:西餐 cid:35 状态：true
序列：8页面：0 店名漫生活咖啡 评分5.0 链接:http://i.meituan.com/poi/78755612 分类:西餐 cid:35 状态：true
序列：9页面：0 店名Timo's 私房披萨 评分5.0 链接:http://i.meituan.com/poi/85855447 分类:西餐 cid:35 状态：true
序列：10页面：0 店名夏因西餐（shine） 评分5.0 链接:http://i.meituan.com/poi/91965481 分类:西餐 cid:35 状态：true
序列：11页面：0 店名Marbella曼町西班牙主题音乐餐吧（科华泛悦国际店） 评分5.0 链接:http://i.meituan.com/poi/95078684 分类:西餐 cid:35 状态：true
序列：12页面：0 店名贝克汉堡（石油大学店） 评分5.0 链接:http://i.meituan.com/poi/95484333 分类:西餐 cid:35 状态：true
序列：13页面：0 店名圣克士汉堡牛排 评分5.0 链接:http://i.meituan.com/poi/102219402 分类:西餐 cid:35 状态：true
序列：14页面：2 店名后海咖啡馆 评分5.0 链接:http://i.meituan.com/poi/104287183 分类:西餐 cid:35 状态：true
序列：15页面：2 店名华莱士（唐人街餐厅） 评分5.0 链接:http://i.meituan.com/poi/109825125 分类:西餐 cid:35 状态：true
序列：16页面：2 店名艺品咖啡 评分4.9 链接:http://i.meituan.com/poi/1801537 分类:西餐 cid:35 状态：true
序列：17页面：2 店名上牛铁板烧（静安路店） 评分4.9 链接:http://i.meituan.com/poi/4647914 分类:西餐 cid:35 状态：true
序列：18页面：2 店名两岸咖啡（龙湖时代天街店） 评分4.9 链接:http://i.meituan.com/poi/5768526 分类:西餐 cid:35 状态：true
序列：19页面：2 店名塞纳左岸咖啡（大悦路店） 评分4.9 链接:http://i.meituan.com/poi/6958515 分类:西餐 cid:35 状态：true
序列：20页面：2 店名姐夫的小披萨 评分4.9 链接:http://i.meituan.com/poi/90784741 分类:西餐 cid:35 状态：true
序列：21页面：2 店名德意Pizza 评分4.9 链接:http://i.meituan.com/poi/90954839 分类:西餐 cid:35 状态：true
序列：22页面：2 店名岷江新濠酒店西餐厅 评分4.9 链接:http://i.meituan.com/poi/92001002 分类:西餐 cid:35 状态：true
序列：23页面：2 店名7C披萨 评分4.9 链接:http://i.meituan.com/poi/92550667 分类:西餐 cid:35 状态：true
序列：24页面：2 店名提莫披萨坊 评分4.9 链接:http://i.meituan.com/poi/92817109 分类:西餐 cid:35 状态：true
序列：25页面：2 店名门前麦田毕格披萨 评分4.9 链接:http://i.meituan.com/poi/92847923 分类:西餐 cid:35 状态：true
序列：26页面：2 店名麦披萨（双流店） 评分4.9 链接:http://i.meituan.com/poi/93736902 分类:西餐 cid:35 状态：true
序列：27页面：2 店名菩提树下西餐厅 评分4.9 链接:http://i.meituan.com/poi/95119029 分类:西餐 cid:35 状态：true
序列：28页面：3 店名Private Pizza纯手工意式披萨 评分4.9 链接:http://i.meituan.com/poi/96769767 分类:西餐 cid:35 状态：true
序列：29页面：3 店名华莱士（营门口店） 评分4.9 链接:http://i.meituan.com/poi/98568884 分类:西餐 cid:35 状态：true
序列：30页面：3 店名一块披萨店 评分4.9 链接:http://i.meituan.com/poi/99288423 分类:西餐 cid:35 状态：true
序列：31页面：3 店名芝哆堡汉堡炸鸡 评分4.7 链接:http://i.meituan.com/poi/99870058 分类:西餐 cid:35 状态：true
序列：32页面：3 店名汉沃克西餐厅（双流店） 评分4.9 链接:http://i.meituan.com/poi/99933880 分类:西餐 cid:35 状态：true
序列：33页面：3 店名贝克汉堡（红光西华店） 评分4.8 链接:http://i.meituan.com/poi/3271244 分类:西餐 cid:35 状态：true
序列：34页面：3 店名Savage Bar西餐吧（WOW西餐吧科华店） 评分4.8 链接:http://i.meituan.com/poi/5221944 分类:西餐 cid:35 状态：true
序列：35页面：3 店名陈灌西式甜品.西餐（时代天街店） 评分4.8 链接:http://i.meituan.com/poi/5644084 分类:西餐 cid:35 状态：true
序列：36页面：3 店名洛可可西餐·咖啡 评分4.8 链接:http://i.meituan.com/poi/41448866 分类:西餐 cid:35 状态：true
序列：37页面：3 店名我家台湾小吃（石油大学店） 评分4.8 链接:http://i.meituan.com/poi/42736447 分类:西餐 cid:35 状态：true
序列：38页面：3 店名Maius美时·印象（Maius） 评分4.8 链接:http://i.meituan.com/poi/63948255 分类:西餐 cid:35 状态：true
序列：39页面：3 店名HALO美式芝士餐厅 评分4.8 链接:http://i.meituan.com/poi/75922822 分类:西餐 cid:35 状态：true
序列：40页面：3 店名大鼎戴斯大酒店-阳光咖啡厅 评分4.8 链接:http://i.meituan.com/poi/75927974 分类:西餐 cid:35 状态：true
序列：41页面：3 店名我家台湾餐厅 评分4.8 链接:http://i.meituan.com/poi/92610982 分类:西餐 cid:35 状态：true
序列：42页面：4 店名尊宝比萨（科华店） 评分4.8 链接:http://i.meituan.com/poi/95544803 分类:西餐 cid:35 状态：true
序列：43页面：4 店名良声缘咖啡 评分4.8 链接:http://i.meituan.com/poi/96299275 分类:西餐 cid:35 状态：true
序列：44页面：4 店名豪客来牛排（人民公园店-1608） 评分4.7 链接:http://i.meituan.com/poi/771884 分类:西餐 cid:35 状态：true
序列：45页面：4 店名OrangeTree甜橙树 评分4.7 链接:http://i.meituan.com/poi/2662432 分类:西餐 cid:35 状态：true
序列：46页面：4 店名Helens（合江亭店） 评分4.7 链接:http://i.meituan.com/poi/4055119 分类:西餐 cid:35 状态：true
序列：47页面：4 店名夏沐披萨（川师店） 评分4.7 链接:http://i.meituan.com/poi/4157982 分类:西餐 cid:35 状态：true
序列：48页面：4 店名老狗房子西餐厅 评分4.7 链接:http://i.meituan.com/poi/4491679 分类:西餐 cid:35 状态：true
序列：49页面：4 店名豪客来牛排（乐宾百货店-1622） 评分4.7 链接:http://i.meituan.com/poi/4954621 分类:西餐 cid:35 状态：true
序列：50页面：4 店名豪客来牛排（中海锦城店-1623） 评分4.7 链接:http://i.meituan.com/poi/5957605 分类:西餐 cid:35 状态：true
序列：51页面：4 店名马老二园林咖啡 评分4.7 链接:http://i.meituan.com/poi/6087140 分类:西餐 cid:35 状态：true
序列：52页面：4 店名我家台湾小吃 评分4.7 链接:http://i.meituan.com/poi/50098742 分类:西餐 cid:35 状态：true
序列：53页面：4 店名尊宝比萨（金沙店） 评分4.7 链接:http://i.meituan.com/poi/51353463 分类:西餐 cid:35 状态：true
序列：54页面：4 店名爱普纳斯咖啡 评分4.7 链接:http://i.meituan.com/poi/51376662 分类:西餐 cid:35 状态：true
序列：55页面：4 店名披萨皇后（簇桥店） 评分4.7 链接:http://i.meituan.com/poi/52709202 分类:西餐 cid:35 状态：true
序列：56页面：4 店名每乐滋炸鸡汉堡（金楠天街店） 评分4.7 链接:http://i.meituan.com/poi/75018813 分类:西餐 cid:35 状态：true
序列：57页面：5 店名旺岛咖啡 评分4.7 链接:http://i.meituan.com/poi/79770598 分类:西餐 cid:35 状态：true
序列：58页面：5 店名阳光小屋（川农店） 评分4.7 链接:http://i.meituan.com/poi/83655422 分类:西餐 cid:35 状态：true
序列：59页面：5 店名Pizza 4U披萨（高升桥店） 评分4.7 链接:http://i.meituan.com/poi/86213764 分类:西餐 cid:35 状态：true
序列：60页面：5 店名华莱士炸鸡汉堡（五大花园店） 评分4.7 链接:http://i.meituan.com/poi/90849672 分类:西餐 cid:35 状态：true
序列：61页面：5 店名蜜糖小厨（家庭西餐合江亭店） 评分4.7 链接:http://i.meituan.com/poi/90984546 分类:西餐 cid:35 状态：true
序列：62页面：5 店名喜团餐厅 评分4.7 链接:http://i.meituan.com/poi/108830452 分类:西餐 cid:35 状态：true
序列：63页面：5 店名圣大摩尼卡 评分4.6 链接:http://i.meituan.com/poi/59247 分类:西餐 cid:35 状态：true
序列：64页面：5 店名梓然咖啡（新都店） 评分4.6 链接:http://i.meituan.com/poi/2572631 分类:西餐 cid:35 状态：true
序列：65页面：5 店名尊宝比萨（人民南路首座店） 评分4.6 链接:http://i.meituan.com/poi/4174875 分类:西餐 cid:35 状态：true
序列：66页面：5 店名亚都西餐厅（新都店） 评分4.6 链接:http://i.meituan.com/poi/5017730 分类:西餐 cid:35 状态：true
序列：67页面：5 店名兰巴赫·西餐啤酒坊（水锦界店） 评分4.6 链接:http://i.meituan.com/poi/6495449 分类:西餐 cid:35 状态：true
序列：68页面：5 店名汉堡王（成都龙湖广场店） 评分4.6 链接:http://i.meituan.com/poi/6575959 分类:西餐 cid:35 状态：true
序列：69页面：5 店名凯赞多·披萨Kaizando’s Pizzeria（九眼桥店） 评分4.6 链接:http://i.meituan.com/poi/6584467 分类:西餐 cid:35 状态：true
序列：70页面：5 店名彩虹披萨屋 评分4.6 链接:http://i.meituan.com/poi/6646310 分类:西餐 cid:35 状态：true
序列：71页面：5 店名华莱士（新繁店） 评分4.6 链接:http://i.meituan.com/poi/6659881 分类:西餐 cid:35 状态：true
序列：72页面：6 店名贝克汉堡（犀浦店） 评分4.6 链接:http://i.meituan.com/poi/6981652 分类:西餐 cid:35 状态：true
序列：73页面：6 店名山水时尚酒店西餐厅（西餐厅） 评分4.6 链接:http://i.meituan.com/poi/40344011 分类:西餐 cid:35 状态：true
序列：74页面：6 店名西羌百合咖啡馆 评分4.6 链接:http://i.meituan.com/poi/40968338 分类:西餐 cid:35 状态：true
序列：75页面：6 店名金馔牛排屋 评分4.6 链接:http://i.meituan.com/poi/41165854 分类:西餐 cid:35 状态：true
序列：76页面：6 店名英伦下午茶西餐厅 评分4.6 链接:http://i.meituan.com/poi/42838048 分类:西餐 cid:35 状态：true
序列：77页面：6 店名尊宝比萨（和韵路店） 评分4.6 链接:http://i.meituan.com/poi/62917836 分类:西餐 cid:35 状态：true
序列：78页面：6 店名厨男餐BAR 评分4.6 链接:http://i.meituan.com/poi/63188423 分类:西餐 cid:35 状态：true
序列：79页面：6 店名MU漫悠咖餐 评分4.6 链接:http://i.meituan.com/poi/66847913 分类:西餐 cid:35 状态：true
序列：80页面：6 店名老狗房子旗舰店（外北街店） 评分4.6 链接:http://i.meituan.com/poi/92959998 分类:西餐 cid:35 状态：true
序列：81页面：6 店名贝克汉堡（龙湖时代天街店） 评分4.6 链接:http://i.meituan.com/poi/93548564 分类:西餐 cid:35 状态：true
序列：82页面：6 店名commune公社 评分4.6 链接:http://i.meituan.com/poi/96112149 分类:西餐 cid:35 状态：true
序列：83页面：6 店名芋尚爱披萨 评分4.6 链接:http://i.meituan.com/poi/96529769 分类:西餐 cid:35 状态：true
序列：84页面：6 店名树咖啡 评分4.6 链接:http://i.meituan.com/poi/96610535 分类:西餐 cid:35 状态：true
序列：85页面：6 店名星享乐 评分4.6 链接:http://i.meituan.com/poi/96637553 分类:西餐 cid:35 状态：true
序列：86页面：6 店名多乐汉堡（晋阳巷店） 评分4.6 链接:http://i.meituan.com/poi/96770456 分类:西餐 cid:35 状态：true
序列：87页面：7 店名摩地卡意式休闲西餐厅（四川成都店） 评分4.6 链接:http://i.meituan.com/poi/99713084 分类:西餐 cid:35 状态：true
序列：88页面：7 店名豪客来牛排（罗马假日-1604） 评分4.5 链接:http://i.meituan.com/poi/769116 分类:西餐 cid:35 状态：true
序列：89页面：7 店名安薇塔英国茶屋（神仙树店） 评分4.5 链接:http://i.meituan.com/poi/773692 分类:西餐 cid:35 状态：true
序列：90页面：7 店名甜叔叔西餐厅（华兴苑店） 评分4.5 链接:http://i.meituan.com/poi/777066 分类:西餐 cid:35 状态：true
序列：91页面：7 店名Capricciosa 卡布里乔莎意大利料理（双楠店） 评分4.5 链接:http://i.meituan.com/poi/1800402 分类:西餐 cid:35 状态：true
序列：92页面：7 店名Helens（保利中心店） 评分4.5 链接:http://i.meituan.com/poi/2587270 分类:西餐 cid:35 状态：true
序列：93页面：7 店名莲娜咖啡厅 评分4.5 链接:http://i.meituan.com/poi/4020823 分类:西餐 cid:35 状态：true
序列：94页面：7 店名阿洣西点屋（商会大厦店） 评分4.5 链接:http://i.meituan.com/poi/4024049 分类:西餐 cid:35 状态：true
序列：95页面：7 店名加路仕葡国餐厅 评分4.5 链接:http://i.meituan.com/poi/4240581 分类:西餐 cid:35 状态：true
序列：96页面：7 店名阳光不锈 评分4.5 链接:http://i.meituan.com/poi/4295958 分类:西餐 cid:35 状态：true
序列：97页面：7 店名Capricciosa卡布里乔莎意大利料理（伊势丹店） 评分4.5 链接:http://i.meituan.com/poi/5120695 分类:西餐 cid:35 状态：true
序列：98页面：7 店名喜膳·咖啡茶语 评分4.5 链接:http://i.meituan.com/poi/5770697 分类:西餐 cid:35 状态：true
序列：99页面：7 店名春熙宾馆撷英餐厅 评分4.5 链接:http://i.meituan.com/poi/6237526 分类:西餐 cid:35 状态：true
序列：100页面：7 店名格阁花园 评分4.5 链接:http://i.meituan.com/poi/6489707 分类:西餐 cid:35 状态：true
序列：101页面：7 店名爱上披萨Amore Pizza（蹚钯街店） 评分4.5 链接:http://i.meituan.com/poi/40449882 分类:西餐 cid:35 状态：true
序列：102页面：8 店名泰喜欢（光华村店） 评分4.5 链接:http://i.meituan.com/poi/41639560 分类:西餐 cid:35 状态：true
序列：103页面：8 店名吉品会小资生活馆 评分4.5 链接:http://i.meituan.com/poi/41827811 分类:西餐 cid:35 状态：true
序列：104页面：8 店名阳光小屋 评分4.5 链接:http://i.meituan.com/poi/42647335 分类:西餐 cid:35 状态：true
序列：105页面：8 店名三只熊披萨（保利心语店） 评分4.5 链接:http://i.meituan.com/poi/42707126 分类:西餐 cid:35 状态：true
序列：106页面：8 店名里漾餐厅（玉林店） 评分4.5 链接:http://i.meituan.com/poi/64467963 分类:西餐 cid:35 状态：true
序列：107页面：8 店名纽奇比萨（财富中心店） 评分4.5 链接:http://i.meituan.com/poi/69159683 分类:西餐 cid:35 状态：true
序列：108页面：8 店名莫舍咖啡 评分4.5 链接:http://i.meituan.com/poi/75156004 分类:西餐 cid:35 状态：true
序列：109页面：8 店名光陰的事coffee馆 评分4.5 链接:http://i.meituan.com/poi/84245074 分类:西餐 cid:35 状态：true
序列：110页面：8 店名影咖啡·画廊 评分4.5 链接:http://i.meituan.com/poi/84498842 分类:西餐 cid:35 状态：true
序列：111页面：8 店名Tiziano ATH pizza dessert西餐甜品（桐梓林店） 评分4.5 链接:http://i.meituan.com/poi/90714308 分类:西餐 cid:35 状态：true
序列：112页面：8 店名豪客来牛排（莱蒙国际店-1722） 评分4.5 链接:http://i.meituan.com/poi/94002260 分类:西餐 cid:35 状态：true
序列：113页面：8 店名隔壁小明之爱上冒菜的披萨 评分4.5 链接:http://i.meituan.com/poi/95222614 分类:西餐 cid:35 状态：true
序列：114页面：8 店名百达乐意式火炉披萨 评分4.5 链接:http://i.meituan.com/poi/95692083 分类:西餐 cid:35 状态：true
序列：115页面：9 店名Pizza 4U披萨（二十四城店） 评分4.5 链接:http://i.meituan.com/poi/98889038 分类:西餐 cid:35 状态：true
序列：116页面：9 店名尊宝比萨（红牌楼分店） 评分4.5 链接:http://i.meituan.com/poi/98907560 分类:西餐 cid:35 状态：true
序列：117页面：9 店名妙客汉堡（都江堰蒲阳店） 评分4.5 链接:http://i.meituan.com/poi/99696798 分类:西餐 cid:35 状态：true
序列：118页面：9 店名洞房Tapas（西班牙小食） 评分4.5 链接:http://i.meituan.com/poi/108018297 分类:西餐 cid:35 状态：true
序列：119页面：9 店名陈香坊西餐咖啡茶文化主题生活馆（天辰店） 评分4.5 链接:http://i.meituan.com/poi/6588849 分类:西餐 cid:35 状态：true
序列：120页面：9 店名阿米戈•果木牛排吧 评分4.5 链接:http://i.meituan.com/poi/6720288 分类:西餐 cid:35 状态：true
